Primary
Nursery
16 plus
All through
Not applicable
Secondary
{'4009': ['Waverley School', (411649, 286411), '1480'], '4019': ['Ark Victoria Academy', (410539, 284984), '496'], '4001': ['Ark Kings Academy', (404755, 277790), '371'], '4334': ['Al-Hijrah School', (410059, 287022), '769'], '4017': ['Bournville School', (403277, 280690), '861'], '4020': ['King Solomon International Business School', (407835, 288618), '299'], '2179': ['Starbank  School', (411459, 285797), '1933']}
{'': ['Birmingham City University', (407067, 291048), ''], '6121': ['Future First Independent School', (405085, 288277), '35'], '6120': ['Archway Academy', (408557, 286421), '66'], '6088': ["Al Huda Girls' School", (409800, 288388), '62'], '6129': ['TLG North Birmingham', (407888, 294401), '10'], '6083': ["Birchfield Independent Girls' School", (407438, 289942), '117'], '6080': ['National Institute for Conductive Education', (406824, 283585), '17'], '6004': ['Hallfield School', (405312, 285272), '567'], '6002': ['The Priory School', (405870, 284797), '466'], '6003': ['Edgbaston High School for Girls', (404963, 285410), '899'], '6000': ["St George's School Edgbaston", (405471, 285571), '387'], '7052': ['Beaufort School', (413112, 288361), '70'], '7053': ['Oscott Manor School', (407410, 294371), '104'], '7050': ['Fox Hollies School and Performing Arts College', (407365, 282546), '96'], '7051': ['Cherry Oak School', (404010, 282549), '102'], '6009': ['Redstone Educational Academy', (407912, 284460), '95'], '7045': ['The Pines Special School', (409350, 291747), '115'], '7047': ['Springfield House Community Special School', (420203, 276193), '109'], '7040': ['Mayfield School', (406866, 289192), '266'], '7049': ['The Bridge School', (408474, 295522), ''], '6094': ["Woodstock Girls' School", (408370, 283678), '69'], '6097': ['Hamd House School', (410814, 286596), '218'], '9903': ['Centre for Accelerated Learning', (415858, 287136), ''], '6010': ['City United Academy (CUA)', (405953, 287022), '28'], '6013': ['Silver Birch', (415497, 288461), '24'], '6015': ['TLG - South East Birmingham', (408900, 279585), '5'], '6014': ['R.Y.A.N Education Academy', (408643, 285106), '12'], '6017': ['Kimichi School', (412410, 283889), '16'], '6016': ['Avecinna Academy', (408728, 286935), '62'], '6019': ['Riverside Education', (412657, 287548), '40'], '6018': ['Oscott Academy', (409137, 293322), '15'], '7030': ['Braidwood School for the Deaf', (412367, 289329), '62'], '7031': ['Wilson Stuart School', (409042, 292727), '210'], '7033': ['Selly Oak Trust School', (404294, 281904), '390'], '7034': ['Priestley Smith School', (406348, 293643), '71'], '7035': ['The Dame Ellen Pinsent School', (408047, 281070), '152'], '7036': ['Queensbury School', (410933, 291007), '231'], '7037': ['Skilts School', (409453, 267757), '78'], '7038': ['Brays School', (414060, 284609), ''], '6128': ['Flexible Learning Centre', (409826, 290848), '86'], '6064': ['The Shrubbery School', (413798, 293434), '244'], '6060': ['Highclare School', (411171, 292416), '627'], '7026': ['Hunters Hill College', (398835, 272568), '121'], '7904': ['Queen Alexandra College', (402444, 284700), ''], '7905': ['Heart of Birmingham Vocational College', (408965, 287923), ''], '6170': ['Hazrat Khadijatul Kubra Girls School', (408992, 285795), '104'], '7907': ['Wilson Stuart University College Birmingham Partnership Trust', (409042, 292727), ''], '6077': ['King Edward VI High School for Girls', (405170, 283652), '577'], '6076': ["King Edward's School", (405294, 283628), '848'], '6070': ['The Blue Coat School Birmingham', (404157, 284723), '584'], '6079': ['Mander Portman Woodward Independent College', (405415, 285753), '242'], '6078': ['Darul Uloom Islamic High School', (409869, 285636), '107'], '7016': ['Baskerville School', (402412, 284436), '116'], '7014': ['Uffculme School', (407329, 282452), '174'], '7012': ['Longwill A Primary School for Deaf Children', (402056, 280131), '57'], '7013': ['Calthorpe Teaching Academy', (408048, 285491), '373'], '6205': ['Green Heath School', (409407, 285850), '18'], '6206': ['The Wisdom Academy', (408220, 287420), '207'], '7906': ['Trinity Specialist College Ltd', (414995, 296579), ''], '6048': ['Rosslyn School', (411343, 280279), '90'], '7009': ['Victoria School', (402107, 280247), '221'], '7000': ['Hallmoor School', (415055, 286002), ''], '7006': ['Hamilton School', (403903, 289895), '112'], '6115': ["St Paul's", (408162, 284256), '23'], '6116': ['Ward End Community College', (412130, 288228), '6'], '6111': ['Elmhurst Ballet School', (406104, 284072), '183'], '6112': ['Spring Hill High School', (409623, 290298), '38'], '6113': ['Al-Ameen Primary School', (410173, 283881), '147'], '1107': ['Reach School', (407408, 282216), '36'], '1105': ['East Birmingham Network Academy', (412919, 284909), '43'], '6059': ['West House School', (406103, 285547), '333'], '1100': ['City of Birmingham School', (399726, 278770), '388'], '1108': ['St Georges Academy', (406560, 288056), '57'], '1109': ['CUL Academy Trust', (407933, 288796), '29'], '6106': ['Jamia Islamia Birmingham', (409425, 284703), '125'], '6105': ['The Lambs Christian School', (399615, 281832), '45'], '6104': ['Al-Burhan Grammar School', (411347, 283066), '108'], '6103': ['Greenfields Primary School', (409816, 285826), '155'], '6102': ['Birmingham Muslim School', (409952, 284461), '95'], '6101': ['Values Academy', (405940, 288274), '23'], '1111': ['The Edge Academy', (401954, 279254), '35'], '1110': ['EBN Academy Phase 2', (414688, 291516), '69'], '6025': ['The Priory Woodbourne Hospital School', (403204, 285985), '13'], '6026': ['Blackwater Academy', (406182, 287480), '2'], '6027': ['Norfolk House School', (403933, 285847), '151'], '6130': ['Al-Noor College', (409222, 284158), '31'], '7063': ['James Brindley School', (406437, 285719), '194'], '7062': ['Lindsworth School', (406514, 279168), '87'], '7060': ['Langley School', (411964, 298140), '121'], '6032': ['Birmingham Independent College', (407070, 289461), '13'], '6031': ['Newbury School', (407135, 289027), '2'], '6030': ['Imedia School', (410764, 291936), ''], '6035': ['Cannon Hill Girls School', (407223, 284491), ''], '6034': ['Central Birmingham Education Centre', (405383, 287606), '']}
Sutton Coldfield Grammar School for Girls [0, 0, 0, 3, 3]
The Arthur Terry School [3, 0, 0, 5, 8]
Story Wood School and Children's Centre [5, 3, 1, 1, 10]
Lea Forest Primary Academy [3, 1, 0, 1, 5]
Gunter Primary School [1, 1, 3, 0, 5]
Hall Green Infant School [3, 5, 0, 1, 9]
Hall Green Junior School [3, 5, 0, 1, 9]
Hawthorn Primary School [3, 5, 3, 0, 11]
Tame Valley Academy [1, 0, 0, 0, 1]
Hallfield School [3, 1, 0, 2, 6]
The Priory School [1, 0, 0, 1, 2]
Ark Boulton Academy [5, 5, 5, 2, 17]
St George's School Edgbaston [3, 3, 3, 1, 10]
Forestdale Primary School [3, 0, 0, 0, 3]
Yenton Primary School [3, 0, 0, 1, 4]
Wattville Primary School [3, 0, 1, 2, 6]
George Dixon Primary School [3, 1, 1, 1, 6]
Wychall Primary School [3, 5, 3, 1, 12]
Rookery School [5, 1, 3, 1, 10]
Moor Green Primary Academy [1, 0, 0, 1, 2]
Ward End Community College [5, 5, 5, 0, 15]
The Orchards Primary Academy [1, 0, 1, 0, 2]
Welsh House Farm Community School and Special Needs Resources Base [3, 0, 0, 0, 3]
The Meadows Primary School [1, 0, 0, 2, 3]
Bellfield Junior School [1, 0, 3, 0, 4]
Coppice Primary School [1, 0, 0, 1, 2]
Calshot Primary School [1, 0, 0, 1, 2]
Grove School [5, 5, 3, 2, 15]
Hillcrest School A Specialist Maths and Computing College and Sixth Form Centre [3, 1, 3, 2, 9]
Robin Hood Academy [3, 5, 0, 2, 10]
Little Sutton Primary School [1, 0, 0, 1, 2]
Mere Green Primary School [3, 0, 0, 1, 4]
New Hall Primary and Children's Centre [1, 0, 1, 1, 3]
St Joseph's Catholic Primary School [1, 0, 0, 1, 2]
Al-Noor College [5, 3, 3, 0, 11]
St Catherine of Siena Catholic Primary School [5, 0, 3, 0, 8]
Holy Cross Catholic Primary School [3, 0, 0, 0, 3]
St Chad's Catholic Primary School [3, 1, 1, 0, 5]
Mayfield School [5, 0, 1, 1, 7]
St Anne's Catholic Primary School [3, 3, 3, 0, 9]
St Clare's Catholic Primary School [3, 1, 0, 1, 5]
Sacred Heart Catholic School [5, 0, 3, 0, 8]
St Joseph's Catholic Primary School [3, 0, 0, 0, 3]
St John's and St Peter's CofE Academy [3, 0, 1, 0, 4]
Hamd House School [5, 3, 3, 0, 11]
Starbank  School [5, 0, 0, 5, 10]
World's End Infant and Nursery School [3, 0, 1, 1, 5]
Woodthorpe Junior and Infant School [1, 1, 0, 0, 2]
Nonsuch Primary School [3, 0, 0, 0, 3]
Chad Vale Primary School [3, 0, 0, 1, 4]
Heath Mount Primary School [5, 0, 0, 1, 6]
Fairway Primary Academy [3, 0, 0, 0, 3]
Warren Farm Primary School [5, 0, 1, 1, 7]
Wyndcliffe Primary School [5, 0, 3, 2, 10]
Town Junior School [1, 3, 3, 0, 7]
Alston Primary School [5, 3, 3, 2, 13]
Nelson Junior and Infant School [1, 0, 0, 1, 2]
Oasis Academy Foundry [3, 0, 1, 0, 4]
Moor Hall Primary School [1, 0, 0, 0, 1]
Cromwell Junior and Infant School [3, 0, 0, 0, 3]
St Michael's CofE Primary Academy, Handsworth [5, 0, 1, 0, 6]
Anderton Park Primary School [3, 1, 5, 2, 11]
Regents Park Community Primary School [3, 5, 3, 2, 13]
The Oaklands Primary School [3, 1, 1, 1, 6]
Dorrington Academy [1, 0, 0, 2, 3]
Paget Primary School [1, 0, 0, 1, 2]
Summerfield Junior and Infant School [3, 3, 1, 1, 8]
King Solomon International Business School [3, 0, 0, 1, 4]
Rockwood Academy [5, 5, 5, 2, 17]
Holly Hill Methodist CofE Infant School [3, 0, 0, 0, 3]
Elmhurst Ballet School [1, 0, 0, 0, 1]
Highclare School [5, 0, 1, 2, 8]
Spring Hill High School [3, 1, 5, 0, 9]
Al-Ameen Primary School [3, 0, 3, 0, 6]
Bournville School [3, 3, 0, 2, 8]
St Cuthbert's RC Junior and Infant (NC) School [3, 1, 1, 1, 6]
King's Norton Boys' School [3, 0, 0, 2, 5]
Dame Elizabeth Cadbury School [1, 1, 1, 2, 5]
St Peter's Catholic Primary School [3, 1, 1, 0, 5]
St Martin de Porres Catholic Primary School [3, 5, 1, 0, 9]
St Mark's Catholic Primary School [1, 1, 3, 0, 5]
St Ambrose Barlow Catholic Primary School [3, 5, 0, 0, 8]
St Alban's Catholic Primary School [3, 1, 0, 0, 4]
TLG North Birmingham [3, 0, 3, 0, 6]
St Mary's Church of England Primary School [1, 1, 0, 1, 3]
Flexible Learning Centre [3, 0, 0, 0, 3]
East Birmingham Network Academy [3, 1, 3, 0, 7]
Northfield Manor Primary Academy [3, 1, 3, 1, 8]
Jewellery Quarter Academy [3, 0, 0, 1, 4]
Springfield House Community Special School [0, 0, 0, 0, 0]
Aston Tower Community Primary School [3, 5, 3, 1, 12]
Kingsthorne Primary School [3, 0, 1, 1, 5]
The Oval School [3, 1, 1, 2, 7]
Woodcock Hill Primary School [1, 0, 0, 0, 1]
Gossey Lane Academy [3, 0, 0, 0, 3]
Twickenham Primary School [3, 5, 3, 1, 12]
Wheelers Lane Technology College [3, 0, 0, 2, 5]
Christ The King Catholic Primary School [3, 0, 3, 1, 7]
Abbey Catholic Primary School [5, 0, 3, 1, 9]
Hunters Hill College [0, 0, 0, 0, 0]
St Michael's Church of England Primary School [3, 1, 0, 1, 5]
St Vincent's Catholic Primary School [3, 5, 3, 1, 12]
St Thomas CofE Academy [3, 3, 3, 0, 9]
Holy Family Catholic Primary School [5, 1, 3, 1, 10]
Guardian Angels Catholic Primary School [1, 0, 0, 0, 1]
Chilwell Croft Academy [3, 3, 3, 1, 10]
Saltley Academy [5, 3, 0, 3, 11]
Cherry Orchard Primary School [1, 0, 0, 1, 2]
Nechells Primary E-ACT Academy [3, 5, 0, 0, 8]
King Edward VI High School for Girls [3, 5, 0, 2, 10]
Edgbaston High School for Girls [3, 0, 0, 2, 5]
Severne Junior Infant and Nursery School [1, 0, 0, 1, 2]
Erdington Academy [1, 3, 3, 2, 9]
The Blue Coat School Birmingham [3, 0, 1, 2, 6]
Highfield Junior and Infant School [5, 1, 3, 2, 11]
The Olive School, Birmingham [5, 0, 3, 0, 8]
CUL Academy Trust [3, 0, 1, 0, 4]
Rednal Hill Infant School [1, 0, 0, 1, 2]
Rednal Hill Junior School [1, 0, 0, 1, 2]
Mander Portman Woodward Independent College [3, 3, 3, 0, 9]
Manor Park Primary Academy [3, 0, 0, 1, 4]
Cottesbrooke Infant and Nursery School [3, 0, 3, 1, 7]
Birmingham Independent College [5, 0, 3, 0, 8]
Lyndon Green Infant School [3, 0, 0, 1, 4]
Wilkes Green Junior School [5, 0, 5, 1, 11]
Jamia Islamia Birmingham [5, 5, 3, 0, 13]
Glenmead Primary School [3, 1, 0, 1, 5]
Brookvale Primary School [1, 0, 0, 0, 1]
Featherstone Primary School [5, 0, 0, 1, 6]
Sundridge Primary School [3, 1, 0, 0, 4]
Quinton Church Primary School [3, 3, 0, 0, 6]
Thornton Primary School [5, 3, 5, 2, 15]
Timberley Academy [3, 1, 1, 2, 7]
Moseley Church of England Primary School [3, 0, 0, 0, 3]
Christ Church CofE Controlled Primary School and Nursery [5, 1, 3, 0, 9]
Bartley Green School [3, 1, 1, 2, 7]
Grendon Junior and Infant School (NC) [3, 5, 1, 1, 10]
St Columba's Catholic Primary School [1, 0, 1, 0, 2]
St Teresa's Catholic Primary School [5, 0, 0, 0, 5]
St Paul's Catholic Primary School [3, 5, 3, 0, 11]
St Gerard's RC Junior and Infant School [5, 1, 0, 0, 6]
St John Fisher Catholic Primary School [3, 0, 0, 0, 3]
St Margaret Mary RC Junior and Infant School [3, 0, 3, 1, 7]
St Dunstan's Catholic Primary School [3, 3, 3, 1, 10]
Hazrat Khadijatul Kubra Girls School [5, 5, 3, 0, 13]
Green Heath School [5, 3, 5, 0, 13]
The Wisdom Academy [3, 1, 3, 0, 7]
West Heath Primary School [3, 0, 0, 1, 4]
Holland House Infant School and Nursery [1, 0, 1, 0, 2]
Maney Hill Primary School [1, 0, 0, 1, 2]
Allens Croft Primary School [1, 0, 0, 1, 2]
Penns Primary School [3, 0, 0, 0, 3]
Victoria School [1, 0, 0, 0, 1]
St Saviour's C of E Primary School [3, 5, 5, 1, 14]
Hamstead Hall Academy [1, 0, 0, 3, 4]
Holyhead School [3, 3, 3, 4, 13]
Hamilton School [5, 1, 3, 0, 9]
Selly Park Technology College for Girls [1, 1, 0, 2, 4]
Queensbridge School [3, 1, 0, 2, 6]
St Joseph's Catholic Primary School [1, 1, 1, 0, 3]
Adderley Primary School [3, 0, 0, 2, 5]
Reach School [1, 3, 3, 0, 7]
Four Dwellings Primary Academy [1, 1, 1, 1, 4]
Ward End Primary School [5, 3, 3, 2, 13]
West House School [3, 3, 0, 1, 7]
Al Huda Girls' School [3, 5, 5, 0, 13]
King Edward VI Handsworth School [5, 0, 1, 3, 9]
Oasis Academy Short Heath [3, 0, 0, 1, 4]
Oasis Academy Blakenhale Infants [1, 0, 3, 1, 5]
Merritts Brook Primary E-ACT Academy [1, 1, 3, 0, 5]
Oasis Academy Blakenhale Junior [1, 0, 3, 1, 5]
Oasis Academy Woodview [3, 0, 1, 1, 5]
St George's Church of England Academy, Newtown [3, 0, 0, 1, 4]
Washwood Heath Academy [3, 0, 3, 4, 10]
Waverley Studio College [5, 1, 3, 0, 9]
Bishop Walsh Catholic School [3, 3, 0, 3, 9]
St Thomas Aquinas Catholic School [3, 5, 3, 3, 14]
St Thomas More Catholic Primary School [3, 0, 1, 1, 5]
King Edward's School [3, 5, 0, 2, 10]
Hodge Hill Primary School [3, 0, 0, 2, 5]
New Oscott Primary School [3, 0, 0, 2, 5]
Clifton Primary School [5, 0, 5, 2, 12]
Albert Bradbeer Primary Academy [3, 3, 3, 2, 11]
St Patrick's Catholic Primary School [3, 3, 5, 0, 11]
Four Oaks Primary School [3, 0, 0, 1, 4]
Harper Bell Seventh-day Adventist School [3, 1, 5, 0, 9]
Slade Primary School [3, 0, 0, 1, 4]
Erdington Hall Primary School [3, 1, 3, 1, 8]
Brookfields Primary School [3, 0, 1, 1, 5]
Nishkam Primary School Birmingham [5, 0, 1, 1, 7]
Bordesley Green Primary School [5, 3, 3, 2, 13]
Nansen Primary School [5, 5, 5, 2, 17]
The Deanery Church of England Primary School [3, 5, 3, 1, 12]
Walmley Infant School [1, 0, 0, 1, 2]
Walmley Junior School [1, 0, 0, 1, 2]
St Francis Church of England Aided Primary School and Nursery [3, 0, 0, 0, 3]
Darul Uloom Islamic High School [5, 1, 5, 0, 11]
Hawkesley Church Primary Academy [1, 0, 0, 0, 1]
St George's Church of England Primary School [3, 1, 3, 0, 7]
Ark Victoria Academy [5, 1, 1, 1, 8]
Yarnfield Primary School [3, 0, 3, 2, 8]
Lozells Junior and Infant School and Nursery [5, 1, 1, 1, 8]
Tiverton Academy [1, 0, 5, 0, 6]
Conway Primary School [5, 5, 5, 1, 16]
Lyndon Green Junior School [3, 0, 0, 1, 4]
Reaside Academy [0, 0, 0, 0, 0]
Gilbertstone Primary School [1, 0, 0, 1, 2]
Greet Primary School [3, 0, 1, 2, 6]
St Nicholas Catholic Primary School [1, 0, 3, 0, 4]
Hodge Hill Girls' School [1, 0, 0, 2, 3]
Greenholm Primary School [5, 5, 0, 2, 12]
Cedars Academy [3, 0, 0, 1, 4]
St Brigid's Catholic Primary School [1, 3, 3, 1, 8]
Yardley Wood Community Primary School [3, 0, 0, 1, 4]
Harborne Academy [3, 5, 3, 2, 13]
Newbury School [5, 3, 3, 0, 11]
The Lambs Christian School [3, 1, 0, 0, 4]
World's End Junior School [3, 0, 1, 1, 5]
Greenfields Primary School [5, 5, 5, 0, 15]
St Edmund's Catholic Primary School [3, 0, 1, 0, 4]
Corpus Christi Catholic Primary School [3, 0, 0, 1, 4]
English Martyrs' Catholic Primary School [5, 0, 3, 1, 9]
Maryvale Catholic Primary School [3, 1, 0, 0, 4]
The Oratory Roman Catholic Primary School [3, 0, 3, 0, 6]
Audley Primary School [3, 1, 5, 2, 11]
The Rosary Catholic Primary School [5, 3, 3, 1, 12]
St John and Monica Catholic Primary School [3, 0, 0, 0, 3]
Holy Souls Catholic Primary School [3, 5, 3, 1, 12]
Our Lady of Lourdes Catholic Primary School (NC) [3, 3, 0, 0, 6]
St Augustine's Catholic Primary School [3, 1, 1, 1, 6]
Broadway Academy [3, 1, 1, 3, 8]
Aston Manor Academy [3, 0, 0, 2, 5]
Birchfield Independent Girls' School [3, 0, 1, 0, 4]
National Institute for Conductive Education [3, 0, 0, 0, 3]
Holte School [5, 3, 3, 3, 14]
Kitwell Primary School and Nursery Class [3, 1, 0, 0, 4]
Beaufort School [3, 5, 1, 0, 9]
Oscott Manor School [3, 1, 0, 0, 4]
Fox Hollies School and Performing Arts College [3, 3, 1, 0, 7]
Cherry Oak School [1, 1, 3, 0, 5]
Woodstock Girls' School [5, 1, 5, 0, 11]
Minworth Junior and Infant School [1, 0, 0, 0, 1]
Princethorpe Junior School [3, 3, 1, 0, 7]
Princethorpe Infant School [3, 3, 1, 0, 7]
Raddlebarn Primary School [1, 0, 1, 1, 3]
Boldmere Infant School and Nursery [1, 0, 0, 1, 2]
The Oaks Primary School [1, 0, 0, 1, 2]
Brownmead Primary Academy [3, 0, 0, 0, 3]
Boldmere Junior School [1, 0, 0, 1, 2]
James Watt Primary School [5, 1, 3, 1, 10]
Barford Primary School [3, 0, 3, 1, 7]
Beeches Infant School [3, 0, 0, 1, 4]
Beeches Junior School [3, 0, 0, 1, 4]
Wheelers Lane Primary School [3, 0, 0, 2, 5]
Redhill Junior and Infant School [3, 1, 3, 0, 7]
City of Birmingham School [3, 0, 0, 1, 4]
Al-Hijrah School [5, 3, 1, 2, 11]
Balaam Wood School [3, 0, 0, 1, 4]
Plantsbrook School [1, 3, 3, 4, 11]
Turves Green Girls' School [3, 1, 0, 2, 6]
City United Academy (CUA) [1, 0, 0, 0, 1]
Silver Birch [1, 0, 0, 0, 1]
TLG - South East Birmingham [3, 0, 5, 0, 8]
R.Y.A.N Education Academy [5, 1, 3, 0, 9]
Kimichi School [3, 0, 3, 0, 6]
Court Farm Primary School [3, 0, 0, 0, 3]
Riverside Education [3, 0, 0, 0, 3]
Oscott Academy [5, 0, 0, 0, 5]
Avecinna Academy [3, 0, 1, 0, 4]
Langley School [1, 0, 0, 0, 1]
Blakesley Hall Primary School [3, 5, 3, 2, 13]
Chilcote Primary School [3, 0, 0, 1, 4]
Redstone Educational Academy [5, 0, 1, 0, 6]
Harborne Primary School [3, 3, 3, 2, 11]
Firs Primary School [3, 1, 1, 1, 6]
Hollyfield Primary School [3, 0, 3, 1, 7]
Anglesey Primary School [5, 0, 0, 2, 7]
Whitehouse Common Primary School [1, 0, 0, 2, 3]
Shenley Academy [3, 1, 1, 3, 8]
King Edward VI Sheldon Heath Academy [3, 0, 0, 3, 6]
Heartlands Academy [3, 5, 3, 2, 13]
Priestley Smith School [3, 0, 0, 0, 3]
The Dame Ellen Pinsent School [3, 5, 3, 0, 11]
Queensbury School [3, 3, 3, 0, 9]
Skilts School [0, 0, 0, 0, 0]
St John's CofE Primary School [5, 0, 3, 1, 9]
St Laurence Church Junior School [1, 0, 0, 1, 2]
Hodge Hill College [3, 0, 0, 3, 6]
Saint Barnabas Church of England Primary School [5, 0, 0, 1, 6]
Holy Trinity CE Primary Academy (Handsworth) [1, 0, 1, 0, 2]
North Birmingham Academy [5, 5, 3, 2, 15]
Ark St Alban's Academy [3, 5, 5, 2, 15]
Heathfield Primary School [5, 5, 3, 1, 14]
Welford Primary School [5, 3, 3, 1, 12]
The Pines Special School [3, 3, 0, 0, 6]
Arden Primary School [5, 5, 5, 2, 17]
Water Mill Primary School [1, 0, 0, 0, 1]
The Shrubbery School [3, 0, 0, 0, 3]
Ark Kings Academy [3, 3, 0, 1, 7]
Wylde Green Primary School [3, 0, 0, 1, 4]
Somerville Primary (NC) School [5, 5, 5, 2, 17]
Sladefield Infant School [5, 5, 5, 1, 16]
Kings Rise Academy [3, 3, 3, 1, 10]
Billesley Primary School [3, 0, 0, 2, 5]
Stanville Primary School [3, 5, 5, 1, 14]
Montgomery Primary Academy [5, 0, 0, 2, 7]
Mansfield Green E-ACT Academy [5, 3, 0, 1, 9]
Hollywood Primary School [3, 0, 0, 1, 4]
Cofton Primary School [1, 0, 0, 1, 2]
St Francis Catholic Primary School [5, 1, 3, 1, 10]
Chivenor Primary School [3, 5, 0, 1, 9]
Deykin Avenue Junior and Infant School [1, 0, 0, 0, 1]
Lordswood Girls' School and Sixth Form Centre [3, 0, 0, 2, 5]
Bordesley Green Girls' School & Sixth Form [5, 3, 1, 2, 11]
St John Wall Catholic School [3, 1, 1, 2, 7]
Al-Burhan Grammar School [3, 1, 5, 0, 9]
King Edward VI Aston School [3, 0, 0, 2, 5]
King Edward VI Camp Hill School for Boys [1, 0, 0, 2, 3]
King Edward VI Camp Hill School for Girls [1, 0, 0, 3, 4]
King Edward VI Five Ways School [3, 1, 0, 4, 8]
Wilkes Green Infant School (NC) [5, 0, 5, 1, 11]
Great Barr Academy [1, 0, 0, 5, 6]
Topcliffe Primary School [5, 0, 0, 0, 5]
St James Church of England Primary School, Handsworth [3, 0, 0, 1, 4]
St Matthew's CofE Primary School [3, 0, 1, 0, 4]
Woodgate Primary School [3, 0, 0, 1, 4]
Hall Green School [3, 0, 1, 2, 6]
St Marys C of E Primary and Nursery, Academy, Handsworth [5, 0, 3, 1, 9]
Swanshurst School [3, 0, 0, 5, 8]
Turves Green Boys' School [3, 1, 1, 2, 7]
Parkfield Community School [5, 3, 3, 2, 13]
Heathlands Primary Academy [3, 0, 3, 1, 7]
Elms Farm Community Primary School [3, 3, 3, 1, 10]
Nelson Mandela School [5, 5, 5, 1, 16]
Bells Farm Primary School [1, 1, 3, 0, 5]
Green Meadow Primary School [3, 1, 1, 1, 6]
Great Barr Primary School [1, 3, 3, 1, 8]
Leigh Primary School [3, 0, 1, 2, 6]
Pegasus Primary School [5, 1, 0, 0, 6]
Baskerville School [3, 0, 0, 0, 3]
Birmingham Muslim School [3, 0, 0, 0, 3]
Uffculme School [3, 3, 1, 0, 7]
Longwill A Primary School for Deaf Children [1, 0, 3, 0, 4]
Calthorpe Teaching Academy [3, 5, 1, 1, 10]
Kings Heath Boys [3, 1, 1, 2, 7]
Colmore Junior School [1, 0, 0, 1, 2]
Colmers Farm Primary School [1, 1, 3, 1, 6]
Cotteridge Primary School [3, 0, 5, 1, 9]
Colmore Infant and Nursery School [1, 0, 0, 1, 2]
Percy Shurmer Academy [3, 5, 5, 1, 14]
Ark Tindal Primary Academy [3, 5, 5, 1, 14]
St Clement's Church of England Academy [3, 0, 3, 0, 6]
The Shirestone Academy [3, 0, 0, 0, 3]
Al-Furqan Primary School [3, 5, 3, 2, 13]
Kings Norton Junior and Infant School [3, 0, 0, 1, 4]
Lakey Lane Junior and Infant School [3, 1, 0, 1, 5]
St Georges Academy [3, 0, 0, 0, 3]
Values Academy [3, 0, 0, 0, 3]
Oasis Academy Hobmoor [3, 0, 0, 1, 4]
Jervoise School [3, 1, 1, 0, 5]
Rosslyn School [3, 0, 5, 0, 8]
Kingsland Primary School (NC) [3, 5, 0, 1, 9]
Oasis Academy Boulton [5, 3, 3, 0, 11]
Greenwood Academy [5, 1, 1, 2, 9]
Future First Independent School [3, 5, 0, 0, 8]
St Benedict's Infant School [5, 0, 1, 1, 7]
Ark Chamberlain Primary Academy [5, 0, 1, 2, 8]
Yew Tree Community Junior and Infant School (NC) [1, 0, 1, 1, 3]
Colebourne Primary School [3, 5, 1, 1, 10]
Stechford Primary School [3, 5, 3, 1, 12]
St Paul's School for Girls [1, 0, 0, 3, 4]
Ladypool Primary School [5, 3, 5, 1, 14]
Cockshut Hill Technology College [1, 1, 1, 3, 6]
Braidwood School for the Deaf [3, 0, 0, 0, 3]
Wilson Stuart School [3, 0, 3, 0, 6]
St Jude's Catholic Primary School [3, 1, 0, 0, 4]
St Paul's [5, 0, 0, 0, 5]
St Bernard's Catholic Primary School [3, 0, 0, 1, 4]
Our Lady of Fatima Catholic Primary School [1, 0, 0, 0, 1]
Archway Academy [3, 0, 1, 0, 4]
St Bernadette's Catholic Primary School [3, 0, 3, 2, 8]
St Laurence Church Infant School [1, 0, 0, 1, 2]
Park Hill Primary School [3, 0, 3, 2, 8]
Birches Green Junior School [1, 0, 3, 0, 4]
Birches Green Infant School [1, 0, 3, 0, 4]
Banners Gate Primary School [3, 0, 0, 1, 4]
Selly Oak Trust School [1, 0, 0, 1, 2]
Acocks Green Primary School [3, 5, 5, 1, 14]
Paganel Primary School [3, 0, 1, 1, 5]
St Mary's Catholic Primary School [3, 3, 3, 1, 10]
City Academy Birmingham [3, 3, 3, 1, 10]
Highters Heath Community School [3, 0, 5, 0, 8]
Yardleys School [3, 1, 3, 2, 9]
Bishop Vesey's Grammar School [1, 0, 0, 3, 4]
Moseley School and Sixth Form [3, 3, 3, 4, 13]
Osborne Primary School [5, 5, 3, 0, 13]
Benson Community School [5, 0, 0, 2, 7]
Hillstone Primary School [1, 0, 0, 1, 2]
The University of Birmingham School [1, 0, 1, 2, 4]
Woodhouse Primary Academy [3, 0, 1, 1, 5]
Waverley School [5, 1, 3, 4, 13]
City Road Primary School [3, 1, 3, 1, 8]
Marlborough Infant School [5, 3, 0, 1, 9]
Marsh Hill Primary School [3, 0, 1, 1, 5]
Birmingham Ormiston Academy [3, 0, 3, 3, 9]
Stockland Green School [3, 3, 3, 2, 11]
City Academy [1, 1, 3, 2, 7]
Aston University Engineering Academy [3, 5, 5, 2, 15]
Nishkam High School [5, 0, 0, 2, 7]
Four Dwellings Academy [3, 3, 3, 1, 10]
Grestone Academy [3, 3, 0, 2, 8]
Handsworth Wood Girls' Academy [5, 1, 1, 2, 9]
The Edge Academy [1, 1, 5, 0, 7]
EBN Academy Phase 2 [5, 3, 0, 0, 8]
Eden Boys' School, Birmingham [3, 0, 0, 1, 4]
The Priory Woodbourne Hospital School [1, 1, 3, 0, 5]
Blackwater Academy [1, 1, 0, 0, 2]
Norfolk House School [3, 0, 1, 0, 4]
Kings Norton Girls' School [3, 1, 3, 2, 9]
Cardinal Wiseman Catholic School [3, 0, 0, 2, 5]
Colmers School and Sixth Form College [1, 1, 3, 3, 8]
St Edward's Catholic Primary School [1, 0, 1, 1, 3]
Bournville Infant School [1, 0, 0, 1, 2]
Our Lady's Catholic Primary School [3, 1, 1, 0, 5]
Our Lady and St Rose of Lima Catholic Primary School [3, 1, 3, 0, 7]
Bournville Junior School [1, 0, 0, 1, 2]
King David Junior and Infant School [3, 1, 3, 0, 7]
Fairfax [3, 5, 3, 4, 15]
St Wilfrid's Catholic Junior and Infant School [3, 0, 0, 1, 4]
St James Catholic Primary School [1, 3, 1, 0, 5]
Ninestiles, an Academy [3, 3, 3, 4, 13]
Bellfield Infant School (NC) [1, 0, 3, 1, 5]
Broadmeadow Infant School [1, 0, 5, 0, 6]
Hill West Primary School [3, 0, 0, 1, 4]
St Peters CofE Primary School [3, 0, 0, 1, 4]
George Dixon Academy [3, 0, 0, 2, 5]
Yorkmead Junior and Infant School [3, 0, 1, 1, 5]
Yardley Primary School [3, 3, 3, 2, 11]
Bishop Challoner Catholic College [3, 3, 5, 3, 14]
James Brindley School [3, 1, 0, 0, 4]
Lindsworth School [1, 0, 0, 0, 1]
Broadmeadow Junior School [1, 0, 5, 0, 6]
Prince Albert Junior and Infant School [5, 3, 0, 2, 10]
Mapledene Primary School [3, 1, 1, 1, 6]
Kings Heath Primary School [3, 3, 3, 2, 11]
Shaw Hill Primary School [5, 5, 5, 1, 16]
